Starting Dynare (version 7.0).
Calling Dynare with arguments: noclearall
Starting preprocessing of the model file ... 
Found 76 equation(s). 
Evaluating expressions... 
Computing static model derivatives (order 1). 
Normalizing the static model... 
Finding the optimal block decomposition of the static model... 
18 block(s) found: 
  16 recursive block(s) and 2 simultaneous block(s). 
  the largest simultaneous block has 56 equation(s) 
                                 and 56 feedback variable(s). 
Computing dynamic model derivatives (order 1). 
Normalizing the dynamic model... 
Finding the optimal block decomposition of the dynamic model... 
8 block(s) found: 
  7 recursive block(s) and 1 simultaneous block(s). 
  the largest simultaneous block has 69 equation(s) 
                                 and 60 feedback variable(s). 
Preprocessing completed. 
Preprocessing time: 0h00m00s.


Residuals of the static equations:
Equation number  1: lam1    :       0.000000
Equation number  2: 2       :       0.000000
Equation number  3: 3       :       0.000000
Equation number  4: ch1     :       0.000000
Equation number  5: 5       :       0.000000
Equation number  6: c1      :       0.000000
Equation number  7: n1      :       0.000000
Equation number  8: k1      :       0.000000
Equation number  9: qk1     :       0.000000
Equation number 10: 10      :       0.000000
Equation number 11: lam2    :       0.000000
Equation number 12: 12      :       0.000000
Equation number 13: 13      :       0.000000
Equation number 14: ch2     :       0.000000
Equation number 15: 15      :       0.000000
Equation number 16: c2      :       0.000000
Equation number 17: n2      :       0.000000
Equation number 18: k2      :       0.000000
Equation number 19: qk2     :       0.000000
Equation number 20: 20      :       0.000000
Equation number 21: 21      :       0.000000
Equation number 22: m11     :       0.000000
Equation number 23: m21     :       0.000000
Equation number 24: 24      :       0.000000
Equation number 25: m22     :       0.000000
Equation number 26: m12     :       0.000000
Equation number 27: 27      :       0.000000
Equation number 28: 28      :       0.000000
Equation number 29: 29      :       0.000000
Equation number 30: 30      :       0.000000
Equation number 31: 31      :       0.000000
Equation number 32: ym1     :       0.000000
Equation number 33: w1      :       0.000000
Equation number 34: rk1     :       0.000000
Equation number 35: 35      :       0.000000
Equation number 36: 36      :       0.000000
Equation number 37: xone1   :       0.000000
Equation number 38: xtwo1   :       0.000000
Equation number 39: pstar1  :       0.000000
Equation number 40: v1      :       0.000000
Equation number 41: 41      :       0.000000
Equation number 42: ym2     :       0.000000
Equation number 43: w2      :       0.000000
Equation number 44: rk2     :       0.000000
Equation number 45: 45      :       0.000000
Equation number 46: 46      :       0.000000
Equation number 47: xone2   :       0.000000
Equation number 48: xtwo2   :       0.000000
Equation number 49: pstar2  :       0.000000
Equation number 50: v2      :       0.000000
Equation number 51: ds1     :       0.000000
Equation number 52: fs1     :       0.000000
Equation number 53: 53      :       0.000000
Equation number 54: fp1     :       0.000000
Equation number 55: 55      :       0.000000
Equation number 56: kg1     :       0.000000
Equation number 57: b1      :       0.000000
Equation number 58: 58      :       0.000000
Equation number 59: 59      :       0.000000
Equation number 60: 60      :       0.000000
Equation number 61: ds2     :       0.000000
Equation number 62: fs2     :       0.000000
Equation number 63: 63      :       0.000000
Equation number 64: fp2     :       0.000000
Equation number 65: 65      :       0.000000
Equation number 66: kg2     :       0.000000
Equation number 67: b2      :       0.000000
Equation number 68: 68      :       0.000000
Equation number 69: 69      :       0.000000
Equation number 70: 70      :       0.000000
Equation number 71: yagg    :       0.000000
Equation number 72: pinfagg :       0.000000
Equation number 73: mp      :       0.000000
Equation number 74: 74      :       0.000000
Equation number 75: y1      :       0.000000
Equation number 76: y2      :       0.000000



STEADY-STATE RESULTS:

cr1     		 0.604137
ch1     		 0.604137
c1      		 0.604137
nr1     		 0.315754
nh1     		 0.315754
n1      		 0.315754
inv1    		 0.195863
k1      		 7.83453
qk1     		 1
lam1    		 1.65525
y1      		 1
ym1     		 1
w1      		 1.76825
rk1     		 0.035101
mc1     		 0.833333
pinf1   		 1
pim1    		 1
pstar1  		 1
xone1   		 5.35681
xtwo1   		 6.42817
v1      		 1
b1      		 0.4
rb1     		 1.0101
ds1     		 0.0040404
fs1     		 0.08
fp1     		 0.0040404
ig1     		 0.08
kg1     		 3.2
a1      		 1
g1      		 0.12
tr1     		 0.0458034
z1      		 0.0177814
cr2     		 0.604137
ch2     		 0.604137
c2      		 0.604137
nr2     		 0.315754
nh2     		 0.315754
n2      		 0.315754
inv2    		 0.195863
k2      		 7.83453
qk2     		 1
lam2    		 1.65525
y2      		 1
ym2     		 1
w2      		 1.76825
rk2     		 0.035101
mc2     		 0.833333
pinf2   		 1
pim2    		 1
pstar2  		 1
xone2   		 5.35681
xtwo2   		 6.42817
v2      		 1
b2      		 1
rb2     		 1.0101
ds2     		 0.010101
fs2     		 0.08
fp2     		 0.010101
ig2     		 0.08
kg2     		 3.2
a2      		 1
g2      		 0.12
tr2     		 0.0458034
z2      		 0.023842
m11     		 0.85
m21     		 0.15
m12     		 0.15
m22     		 0.85
q11     		 1
q21     		 1
q12     		 1
q22     		 1
yagg    		 1
pinfagg 		 1
r       		 1.0101
mp      		 0

================================================================================
MODEL_DIAGNOSTICS: Singularity in Static Jacobian
================================================================================
The Jacobian of the static model is singular.
There are 1 collinear relationship(s) between the variables and the equations.

--- Static Jacobian: Collinear variables (relation 1 of 1) ---
    cr1, ch1, c1, nr1, nh1, n1, inv1, k1, lam1, y1
    ym1, w1, mc1, pinf1, pim1, pstar1, xone1, xtwo1, b1, rb1
    ds1, fs1, fp1, ig1, kg1, z1, cr2, ch2, c2, nr2
    nh2, n2, inv2, k2, lam2, y2, ym2, w2, mc2, pinf2
    pim2, pstar2, xone2, xtwo2, b2, rb2, ds2, fs2, fp2, ig2
    kg2, z2, m11, m21, m12, m22, q11, q21, q12, q22
    yagg, pinfagg, r

--- Static Jacobian: Collinear equations (relation 1 of 1) ---
    Equation 27: 27
    Equation 28: 28
    Equation 29: 29
    Equation 30: 30

MODEL_DIAGNOSTICS:  The singularity seems to be (partly) caused by the presence of a unit root
MODEL_DIAGNOSTICS:  as the absolute value of one eigenvalue is in the range of +-1e-6 to 1.
MODEL_DIAGNOSTICS:  If the model is actually supposed to feature unit root behavior, such a warning is expected,
MODEL_DIAGNOSTICS:  but you should nevertheless check whether there is an additional singularity problem.
MODEL_DIAGNOSTICS:  The presence of a singularity problem typically indicates that there is one
MODEL_DIAGNOSTICS:  redundant equation entered in the model block, while another non-redundant equation
MODEL_DIAGNOSTICS:  is missing. The problem often derives from Walras Law.

EIGENVALUES:
         Modulus             Real        Imaginary
               0                0                0
               0                0                0
               0                0                0
               0                0                0
               0                0                0
       2.784e-17       -2.784e-17                0
       8.766e-17        8.766e-17                0
       1.366e-16        1.366e-16                0
        1.98e-16        -1.98e-16                0
       2.767e-16       -2.767e-16                0
       4.626e-16       -4.626e-16                0
        5.38e-16         5.38e-16                0
           0.465           0.4271           0.1838
           0.465           0.4271          -0.1838
          0.4997           0.4755           0.1536
          0.4997           0.4755          -0.1536
             0.5              0.5                0
          0.7482           0.7458          0.06038
          0.7482           0.7458         -0.06038
            0.75             0.75                0
            0.75             0.75                0
          0.7578           0.7429           0.1494
          0.7578           0.7429          -0.1494
          0.9147           0.9139          0.03886
          0.9147           0.9139         -0.03886
          0.9367           0.9367                0
          0.9428           0.9339           0.1295
          0.9428           0.9339          -0.1295
          0.9578           0.9578                0
          0.9789           0.9789                0
          0.9837           0.9837                0
               1                1                0
            1.04             1.04                0
           1.065            1.065                0
           1.109            1.109                0
           1.192            1.192                0
           1.347            1.347        2.856e-14
           1.347            1.347       -2.856e-14
           1.499            1.489           0.1662
           1.499            1.489          -0.1662
           1.873            1.873                0
        7.74e+16         7.74e+16                0
       2.501e+17        2.501e+17                0
       1.299e+18       -1.299e+18                0
       7.368e+18       -7.368e+18                0
        3.92e+19        -3.92e+19                0
       6.947e+19       -6.947e+19                0

There are 15 eigenvalue(s) larger than 1 in modulus for 15 forward-looking variable(s).
The order and rank conditions are verified.


MODEL SUMMARY

  Number of variables:         76
  Number of stochastic shocks: 1
  Number of state variables:   32
  Number of jumpers:           15
  Number of static variables:  31


MATRIX OF COVARIANCE OF EXOGENOUS SHOCKS
Variables         emp
emp          0.000006

POLICY AND TRANSITION FUNCTIONS
                                  mp               r             rb1             rb2              z1              z2             ds1             ds2             fs1             fs2             ig1             ig2             kg1             kg2             ym1             ym2              y1              y2            inv1            inv2              n1              n2              w1              w2              c1              c2           pinf1           pinf2
Constant                           0        1.010101        1.010101        1.010101        0.017781        0.023842        0.004040        0.010101        0.080000        0.080000        0.080000        0.080000        3.200000        3.200000        1.000000        1.000000        1.000000        1.000000        0.195863        0.195863        0.315754        0.315754        1.768255        1.768255        0.604137        0.604137        1.000000        1.000000
k1(-1)                             0       -0.001712       -0.001147       -0.002265        0.006855        0.001781        0.007788        0.003773       -0.001673        0.000125        0.001291        0.000318        0.001291        0.000318        0.006873        0.000498       -0.003775        0.011146       -0.009977        0.002012       -0.016612        0.000235       -0.078653        0.027117        0.004911        0.008816       -0.019238       -0.003847
y1(-1)                             0        0.000037        0.000107        0.000039       -0.000107       -0.000046       -0.000121       -0.000097        0.000365        0.000037        0.001631       -0.000002        0.001631       -0.000002        0.001409        0.000306        0.001790       -0.000075       -0.000111       -0.000051        0.000664        0.000144        0.004512        0.000740        0.000271       -0.000023        0.000282        0.000097
v1(-1)                             0        0.019837        0.008270        0.019291       -0.069110       -0.029465       -0.078518       -0.062416        0.032952        0.029332       -0.010604       -0.000544       -0.010604       -0.000544        0.027604        0.073486        0.120148       -0.019059       -0.040712       -0.010857        0.366465        0.034632        2.554102        0.171529        0.171464       -0.007658        0.193132        0.061983
b1(-1)                             0        0.000698        0.126977        0.000224        0.007419       -0.002342        0.008429       -0.004960       -0.001563        0.003727       -0.002566        0.000166       -0.002566        0.000166       -0.001151        0.004161       -0.002825        0.005834       -0.004523       -0.000127       -0.000543        0.001961        0.009441        0.027943        0.004264        0.005795        0.004167        0.004852
rb1(-1)                            0        0.001957        0.010797        0.001835        0.346742       -0.002897        0.393945       -0.006136       -0.030561        0.003104        0.073417       -0.000020        0.073417       -0.000020        0.067675        0.016533        0.084921       -0.000713       -0.002677       -0.000990        0.031893        0.007792        0.220113        0.044506        0.014181        0.000298        0.014137        0.006082
fp1(-1)                            0       -0.034628       -0.122319       -0.048976        0.118326        0.035785        0.134434        0.075805       -0.241333        0.012976       -1.395582        0.007950       -1.395582        0.007950       -0.802086       -0.068188       -1.149345        0.279070        0.196501        0.098075       -0.378003       -0.032135       -1.971280        0.326528        0.049736        0.173046       -0.321230       -0.077838
ig1(-1)                            0        0.016346        0.046689        0.017148       -0.046648       -0.020066       -0.052998       -0.042507        0.159846        0.016176        0.713483       -0.000940        0.713483       -0.000940        0.616639        0.133675        0.783303       -0.032988       -0.048557       -0.022197        0.290606        0.062998        1.973904        0.323961        0.118377       -0.009851        0.123337        0.042411
kg1(-1)                            0       -0.001382       -0.001148       -0.001132        0.004399        0.002738        0.004998        0.005799       -0.000721       -0.003371        0.000881       -0.000046        0.975881       -0.000046        0.002853       -0.005105       -0.000625       -0.001627        0.002193       -0.000160       -0.010437       -0.002406       -0.069277       -0.017633       -0.003699       -0.001422       -0.012364       -0.005725
z1(-1)                             0        0.012778       -0.021332        0.016461        0.458857       -0.013915       -0.046744       -0.029476        0.602806        0.001094        0.531074       -0.002170        0.531074       -0.002170        0.366068        0.053793        0.496048       -0.076187       -0.054864       -0.027855        0.172518        0.025351        1.024185        0.006859        0.019838       -0.046162        0.110731        0.029943
k2(-1)                             0       -0.001732       -0.002512       -0.000907        0.001323        0.009304        0.001503        0.019709        0.002113       -0.011375        0.000615       -0.000145        0.000615       -0.000145        0.000644        0.005949        0.011703       -0.005110        0.002045       -0.009850        0.000304       -0.017047        0.028168       -0.081169        0.009043        0.004885       -0.003838       -0.019461
y2(-1)                             0        0.000040        0.000043        0.000004       -0.000038       -0.000149       -0.000044       -0.000317       -0.000008        0.000516       -0.000010        0.001652       -0.000010        0.001652        0.000318        0.001449       -0.000069        0.001836       -0.000050       -0.000108        0.000150        0.000683        0.000813        0.004680       -0.000010        0.000292        0.000109        0.000295
v2(-1)                             0        0.020142        0.020946        0.006795       -0.022170       -0.094018       -0.025188       -0.199160       -0.001797        0.131162       -0.005257        0.003901       -0.005257        0.003901        0.072460        0.039991       -0.024569        0.137020       -0.010995       -0.041356        0.034149        0.372303        0.166891        2.595607       -0.008317        0.174476        0.062586        0.195798
b2(-1)                             0        0.001055        0.000211        0.051275       -0.002563        0.001990       -0.002912        0.004216        0.002359       -0.001202       -0.000223       -0.001446       -0.000223       -0.001446        0.008799        0.006850        0.010256        0.005392        0.000370       -0.003351        0.004147        0.003228        0.052810        0.047903        0.010109        0.010190        0.007105        0.005772
rb2(-1)                            0        0.000415        0.000188        0.026910       -0.000935        0.470829       -0.001062        0.997366        0.000639       -0.526220       -0.000114        0.000058       -0.000114        0.000058        0.002464        0.001819        0.002611        0.001671        0.000959        0.000074        0.001161        0.000857        0.011674        0.009303        0.001767        0.001539        0.002603        0.002591
fp2(-1)                            0       -0.016132       -0.022604       -0.011464        0.015403        0.070363        0.017500        0.149051        0.017447       -0.171581        0.006082       -0.568332        0.006082       -0.568332       -0.042348       -0.347090        0.099734       -0.489172        0.038648        0.076968       -0.019957       -0.163575        0.049228       -0.909618        0.055004        0.002192       -0.044311       -0.142669
ig2(-1)                            0        0.017296        0.018735        0.001827       -0.016832       -0.065403       -0.019123       -0.138545       -0.003636        0.225715       -0.004332        0.722884       -0.004332        0.722884        0.139337        0.633860       -0.030247        0.803444       -0.021757       -0.047394        0.065666        0.298722        0.355568        2.047381       -0.004157        0.127953        0.047632        0.129125
kg2(-1)                            0       -0.001417       -0.001237       -0.000970        0.002082        0.006045        0.002365        0.012806       -0.000532       -0.007101        0.000389       -0.000051        0.000389        0.974949       -0.005073        0.002010       -0.001268       -0.001795       -0.000154        0.002249       -0.002391       -0.010834       -0.017786       -0.072359       -0.001503       -0.003992       -0.005841       -0.012660
z2(-1)                             0        0.010533        0.014445       -0.019904       -0.009057        0.454987       -0.010290       -0.095352       -0.010551        0.626019       -0.003620        0.421893       -0.003620        0.421893        0.043826        0.294572       -0.060133        0.398531       -0.021795       -0.041951        0.020654        0.138824        0.014049        0.831839       -0.034718        0.018589        0.026068        0.090413
q11(-1)                            0        0.029013        0.044692        0.051907       -0.210992        0.082544       -0.239715        0.174854       -0.039088       -0.151335       -0.053327       -0.008852       -0.053327       -0.008852       -0.486524       -0.170345       -0.346047       -0.310823       -0.028768       -0.014867       -0.229287       -0.080279       -2.056592       -1.289899       -0.263952       -0.287104        0.596756       -0.169997
q21(-1)                            0        0.011706        0.012256        0.013427       -0.068534        0.016526       -0.077863        0.035007       -0.000253       -0.021030       -0.015455       -0.000382       -0.015455       -0.000382        0.105202       -0.167524       -0.048899       -0.013423       -0.008094       -0.023424        0.049579       -0.078950        0.203449       -0.411736       -0.025350        0.010383        0.193201       -0.034523
q12(-1)                            0        0.012189        0.037216       -0.012082        0.044342       -0.137302        0.050379       -0.290850       -0.069369        0.207019       -0.000430        0.008017       -0.000430        0.008017       -0.283522        0.241905       -0.323190        0.281573       -0.042874        0.009081       -0.133617        0.114004       -1.567470        1.412525       -0.279886        0.264474       -0.121455        0.285126
q22(-1)                            0        0.030087        0.030448        0.052088        0.027321       -0.242139        0.031040       -0.512927       -0.001488        0.155287        0.005923       -0.017331        0.005923       -0.017331       -0.031931       -0.564911        0.011385       -0.608227        0.002339       -0.048448       -0.015048       -0.266228       -0.075128       -3.078602        0.003124       -0.542448       -0.076938        0.513880
r(-1)                              0        0.507226        0.806108        0.798191        0.840137        1.142185        0.954506        2.419516       -0.834110       -2.010454        0.063876       -0.109942        0.063876       -0.109942       -3.718020       -3.815482       -3.672905       -3.860598       -0.470050       -0.466788       -1.752208       -1.798140      -19.373978      -19.681357       -3.266731       -3.283868       -2.325674       -2.356714
mp(-1)                      0.500000        0.062318        0.372011        0.368578        0.954974        1.297436        1.084976        2.748387       -0.865827       -2.205203        0.084951       -0.113108        0.084951       -0.113108       -3.805778       -3.921068       -3.754986       -3.971860       -0.520535       -0.517118       -1.793566       -1.847900      -19.759748      -20.129096       -3.319402       -3.341635       -2.647766       -2.681184
inv1(-1)                           0        0.019051       -0.048394        0.021500       -0.056180       -0.021716       -0.063827       -0.046001        0.185782        0.012387        0.015229       -0.001785        0.015229       -0.001785        0.707154        0.139226        0.909033       -0.062653        0.776024       -0.032350        0.333264        0.065614        2.211041        0.283973        0.117780       -0.028519        0.148883        0.046167
inv2(-1)                           0        0.019143        0.023404       -0.039055       -0.016067       -0.075984       -0.018254       -0.160959       -0.011379        0.259490       -0.005321        0.026176       -0.005321        0.026176        0.135990        0.713772       -0.069228        0.918991       -0.032723        0.775038        0.064089        0.336383        0.267629        2.228500       -0.031185        0.117777        0.045872        0.150159
emp                         1.000000        0.124635        0.744022        0.737156        1.909948        2.594873        2.169952        5.496774       -1.731655       -4.410406        0.169902       -0.226216        0.169902       -0.226216       -7.611555       -7.842137       -7.509971       -7.943721       -1.041070       -1.034235       -3.587132       -3.695799      -39.519497      -40.258193       -6.638803       -6.683269       -5.295532       -5.362369


THEORETICAL MOMENTS
VARIABLE         MEAN  STD. DEV.   VARIANCE
mp             0.0000     0.0029     0.0000
r                 NaN        NaN        NaN
rb1               NaN        NaN        NaN
rb2               NaN        NaN        NaN
z1                NaN        NaN        NaN
z2                NaN        NaN        NaN
ds1               NaN        NaN        NaN
ds2               NaN        NaN        NaN
fs1               NaN        NaN        NaN
fs2               NaN        NaN        NaN
ig1               NaN        NaN        NaN
ig2               NaN        NaN        NaN
kg1               NaN        NaN        NaN
kg2               NaN        NaN        NaN
ym1               NaN        NaN        NaN
ym2               NaN        NaN        NaN
y1                NaN        NaN        NaN
y2                NaN        NaN        NaN
inv1              NaN        NaN        NaN
inv2              NaN        NaN        NaN
n1                NaN        NaN        NaN
n2                NaN        NaN        NaN
w1                NaN        NaN        NaN
w2                NaN        NaN        NaN
c1                NaN        NaN        NaN
c2                NaN        NaN        NaN
pinf1             NaN        NaN        NaN
pinf2             NaN        NaN        NaN



MATRIX OF CORRELATIONS
Variables        mp
mp           1.0000



COEFFICIENTS OF AUTOCORRELATION
Order          1       2       3       4       5
mp        0.5000  0.2500  0.1250  0.0625  0.0313
Total computing time : 0h00m00s
