Starting Dynare (version 7.0).
Calling Dynare with arguments: noclearall
Starting preprocessing of the model file ... 
Found 76 equation(s). 
Evaluating expressions... 
Computing static model derivatives (order 1). 
Normalizing the static model... 
Finding the optimal block decomposition of the static model... 
18 block(s) found: 
  16 recursive block(s) and 2 simultaneous block(s). 
  the largest simultaneous block has 56 equation(s) 
                                 and 56 feedback variable(s). 
Computing dynamic model derivatives (order 1). 
Normalizing the dynamic model... 
Finding the optimal block decomposition of the dynamic model... 
8 block(s) found: 
  7 recursive block(s) and 1 simultaneous block(s). 
  the largest simultaneous block has 69 equation(s) 
                                 and 60 feedback variable(s). 
Preprocessing completed. 
Preprocessing time: 0h00m00s.


Residuals of the static equations:
Equation number  1: lam1    :       0.000000
Equation number  2: 2       :       0.000000
Equation number  3: 3       :       0.000000
Equation number  4: ch1     :       0.000000
Equation number  5: 5       :       0.000000
Equation number  6: c1      :       0.000000
Equation number  7: n1      :       0.000000
Equation number  8: k1      :       0.000000
Equation number  9: qk1     :       0.000000
Equation number 10: 10      :       0.000000
Equation number 11: lam2    :       0.000000
Equation number 12: 12      :       0.000000
Equation number 13: 13      :       0.000000
Equation number 14: ch2     :       0.000000
Equation number 15: 15      :       0.000000
Equation number 16: c2      :       0.000000
Equation number 17: n2      :       0.000000
Equation number 18: k2      :       0.000000
Equation number 19: qk2     :       0.000000
Equation number 20: 20      :       0.000000
Equation number 21: 21      :       0.000000
Equation number 22: m11     :       0.000000
Equation number 23: m21     :       0.000000
Equation number 24: 24      :       0.000000
Equation number 25: m22     :       0.000000
Equation number 26: m12     :       0.000000
Equation number 27: 27      :       0.000000
Equation number 28: 28      :       0.000000
Equation number 29: 29      :       0.000000
Equation number 30: 30      :       0.000000
Equation number 31: 31      :       0.000000
Equation number 32: ym1     :       0.000000
Equation number 33: w1      :       0.000000
Equation number 34: rk1     :       0.000000
Equation number 35: 35      :       0.000000
Equation number 36: 36      :       0.000000
Equation number 37: xone1   :       0.000000
Equation number 38: xtwo1   :       0.000000
Equation number 39: pstar1  :       0.000000
Equation number 40: v1      :       0.000000
Equation number 41: 41      :       0.000000
Equation number 42: ym2     :       0.000000
Equation number 43: w2      :       0.000000
Equation number 44: rk2     :       0.000000
Equation number 45: 45      :       0.000000
Equation number 46: 46      :       0.000000
Equation number 47: xone2   :       0.000000
Equation number 48: xtwo2   :       0.000000
Equation number 49: pstar2  :       0.000000
Equation number 50: v2      :       0.000000
Equation number 51: ds1     :       0.000000
Equation number 52: fs1     :       0.000000
Equation number 53: 53      :       0.000000
Equation number 54: fp1     :       0.000000
Equation number 55: 55      :       0.000000
Equation number 56: kg1     :       0.000000
Equation number 57: b1      :       0.000000
Equation number 58: 58      :       0.000000
Equation number 59: 59      :       0.000000
Equation number 60: 60      :       0.000000
Equation number 61: ds2     :       0.000000
Equation number 62: fs2     :       0.000000
Equation number 63: 63      :       0.000000
Equation number 64: fp2     :       0.000000
Equation number 65: 65      :       0.000000
Equation number 66: kg2     :       0.000000
Equation number 67: b2      :       0.000000
Equation number 68: 68      :       0.000000
Equation number 69: 69      :       0.000000
Equation number 70: 70      :       0.000000
Equation number 71: yagg    :       0.000000
Equation number 72: pinfagg :       0.000000
Equation number 73: mp      :       0.000000
Equation number 74: 74      :       0.000000
Equation number 75: y1      :       0.000000
Equation number 76: y2      :       0.000000



STEADY-STATE RESULTS:

cr1     		 0.532914
ch1     		 0.532914
c1      		 0.532914
nr1     		 0.116542
nh1     		 0.116542
n1      		 0.116542
inv1    		 0.267086
k1      		 10.6835
qk1     		 1
lam1    		 3.52116
y1      		 1
ym1     		 1
w1      		 3.93278
rk1     		 0.035101
mc1     		 0.833333
pinf1   		 1
pim1    		 1
pstar1  		 1
xone1   		 11.3954
xtwo1   		 13.6744
v1      		 1
b1      		 0.4
rb1     		 1.0101
ds1     		 0.0040404
fs1     		 0.08
fp1     		 0.0040404
ig1     		 0.08
kg1     		 3.2
a1      		 1
g1      		 0.12
tr1     		 0.0745803
z1      		 0.0664145
cr2     		 0.532914
ch2     		 0.532914
c2      		 0.532914
nr2     		 0.116542
nh2     		 0.116542
n2      		 0.116542
inv2    		 0.267086
k2      		 10.6835
qk2     		 1
lam2    		 3.52116
y2      		 1
ym2     		 1
w2      		 3.93278
rk2     		 0.035101
mc2     		 0.833333
pinf2   		 1
pim2    		 1
pstar2  		 1
xone2   		 11.3954
xtwo2   		 13.6744
v2      		 1
b2      		 1
rb2     		 1.0101
ds2     		 0.010101
fs2     		 0.08
fp2     		 0.010101
ig2     		 0.08
kg2     		 3.2
a2      		 1
g2      		 0.12
tr2     		 0.0745803
z2      		 0.0724751
m11     		 0.95
m21     		 0.05
m12     		 0.05
m22     		 0.95
q11     		 1
q21     		 1
q12     		 1
q22     		 1
yagg    		 1
pinfagg 		 1
r       		 1.0101
mp      		 0

================================================================================
MODEL_DIAGNOSTICS: Singularity in Static Jacobian
================================================================================
The Jacobian of the static model is singular.
There are 1 collinear relationship(s) between the variables and the equations.

--- Static Jacobian: Collinear variables (relation 1 of 1) ---
    cr1, ch1, c1, nr1, nh1, n1, inv1, k1, lam1, y1
    ym1, w1, mc1, pinf1, pim1, pstar1, xone1, xtwo1, b1, rb1
    ds1, fs1, fp1, ig1, kg1, cr2, ch2, c2, nr2, nh2
    n2, inv2, k2, lam2, y2, ym2, w2, mc2, pinf2, pim2
    pstar2, xone2, xtwo2, b2, rb2, ds2, fs2, fp2, ig2, kg2
    m11, m21, m12, m22, q11, q21, q12, q22, yagg, pinfagg
    r

--- Static Jacobian: Collinear equations (relation 1 of 1) ---
    Equation 27: 27
    Equation 28: 28
    Equation 29: 29
    Equation 30: 30

MODEL_DIAGNOSTICS:  The singularity seems to be (partly) caused by the presence of a unit root
MODEL_DIAGNOSTICS:  as the absolute value of one eigenvalue is in the range of +-1e-6 to 1.
MODEL_DIAGNOSTICS:  If the model is actually supposed to feature unit root behavior, such a warning is expected,
MODEL_DIAGNOSTICS:  but you should nevertheless check whether there is an additional singularity problem.
MODEL_DIAGNOSTICS:  The presence of a singularity problem typically indicates that there is one
MODEL_DIAGNOSTICS:  redundant equation entered in the model block, while another non-redundant equation
MODEL_DIAGNOSTICS:  is missing. The problem often derives from Walras Law.

EIGENVALUES:
         Modulus             Real        Imaginary
       6.736e-18        6.736e-18                0
       9.999e-18        9.999e-18                0
       1.764e-16        1.764e-16                0
       4.783e-16       -4.783e-16                0
       6.267e-16       -6.267e-16                0
       7.785e-16        7.785e-16                0
          0.4086           0.4086                0
           0.513            0.513                0
             0.7              0.7                0
             0.7              0.7                0
             0.7              0.7                0
             0.7              0.7                0
             0.7              0.7                0
             0.7              0.7                0
             0.7              0.7                0
             0.7              0.7                0
             0.7              0.7                0
            0.75             0.75                0
            0.75             0.75                0
          0.7592           0.7049            0.282
          0.7592           0.7049           -0.282
          0.7842            0.753           0.2193
          0.7842            0.753          -0.2193
          0.8892           0.8892                0
           0.894           0.8898           0.0865
           0.894           0.8898          -0.0865
          0.9116           0.9116                0
          0.9674           0.9674                0
          0.9805           0.9805          0.00291
          0.9805           0.9805         -0.00291
          0.9811           0.9811                0
               1                1                0
           1.034            1.034                0
           1.053            1.053                0
            1.11             1.11                0
           1.309            1.257           0.3653
           1.309            1.257          -0.3653
           1.347            1.347                0
           1.347            1.347                0
           1.418             1.41           0.1556
           1.418             1.41          -0.1556
       9.965e+17       -9.965e+17                0
       2.526e+18       -2.526e+18                0
       2.214e+19        2.214e+19                0
       1.774e+21        1.774e+21                0
       1.609e+22       -1.609e+22                0
       3.781e+23       -3.781e+23                0

There are 15 eigenvalue(s) larger than 1 in modulus for 15 forward-looking variable(s).
The order and rank conditions are verified.


MODEL SUMMARY

  Number of variables:         76
  Number of stochastic shocks: 1
  Number of state variables:   32
  Number of jumpers:           15
  Number of static variables:  31


MATRIX OF COVARIANCE OF EXOGENOUS SHOCKS
Variables         emp
emp          0.000006

POLICY AND TRANSITION FUNCTIONS
                                  mp               r             rb1             rb2              z1              z2             ds1             ds2             fs1             fs2             ig1             ig2             kg1             kg2             ym1             ym2              y1              y2            inv1            inv2              n1              n2              w1              w2              c1              c2           pinf1           pinf2
Constant                           0        1.010101        1.010101        1.010101        0.066415        0.072475        0.004040        0.010101        0.080000        0.080000        0.080000        0.080000        3.200000        3.200000        1.000000        1.000000        1.000000        1.000000        0.267086        0.267086        0.116542        0.116542        3.932784        3.932784        0.532914        0.532914        1.000000        1.000000
k1(-1)                             0       -0.005290       -0.005290       -0.005290               0               0        0.009735        0.001455       -0.010209        0.000048       -0.006803       -0.000341       -0.006803       -0.000341        0.003553        0.003425       -0.003043        0.010021       -0.004619        0.002988       -0.008172        0.000726       -0.014218        0.121085        0.008379        0.007374       -0.024063       -0.001540
y1(-1)                             0        0.000392        0.000392        0.000392               0               0       -0.000255        0.000055        0.000865       -0.000110        0.004238       -0.000024        0.004238       -0.000024        0.003528        0.000016        0.003912       -0.000368       -0.000348       -0.000094        0.000748        0.000003        0.012924       -0.003637        0.000021       -0.000250        0.000593       -0.000050
v1(-1)                             0        0.071932        0.071932        0.071932               0               0       -0.093132       -0.074196        0.099442        0.073947        0.065265        0.025024        0.065265        0.025024       -0.002980        0.041780        0.040458       -0.001658       -0.051538       -0.006820        0.158289        0.008853        3.065319       -0.143767        0.026731       -0.019861        0.230098        0.073471
b1(-1)                             0        0.007495        0.007495        0.007495               0               0        0.006399       -0.020181       -0.007134        0.022666       -0.014515        0.007062       -0.014515        0.007062       -0.000849        0.012710       -0.004712        0.016573        0.002028        0.003015       -0.000180        0.002693        0.111718        0.141322        0.007775        0.006496        0.009208        0.019814
rb1(-1)                            0       -0.017662       -0.017662       -0.017662               0               0        0.420428       -0.021535       -0.453281        0.030640       -0.295063        0.008181       -0.295063        0.008181       -0.178829        0.028921       -0.210651        0.060743        0.058021        0.019039       -0.037893        0.006128       -0.249836        0.598177        0.026391        0.033522       -0.048454        0.020712
fp1(-1)                            0       -0.100988       -0.100988       -0.100988               0               0        0.115602       -0.076932       -0.275437        0.121888       -1.482211        0.030468       -1.482211        0.030468       -0.866510        0.141569       -1.024853        0.299912        0.318891        0.100215       -0.183608        0.029998       -1.054282        3.003902        0.138467        0.169230       -0.275866        0.073163
ig1(-1)                            0        0.068552        0.068552        0.068552               0               0       -0.044680        0.009553        0.151439       -0.019210        0.741684       -0.004191        0.741684       -0.004191        0.617382        0.002724        0.684531       -0.064425       -0.060835       -0.016448        0.130820        0.000577        2.261642       -0.636527        0.003682       -0.043786        0.103738       -0.008813
kg1(-1)                            0       -0.007858       -0.007858       -0.007858               0               0        0.009327        0.011741       -0.009143       -0.011855       -0.006454       -0.003975        0.968546       -0.003975        0.004107       -0.003692        0.001175       -0.000760        0.004980        0.000813       -0.005751       -0.000782       -0.057944        0.022262        0.002649        0.002403       -0.023095       -0.011616
a1(-1)                             0       -0.086288       -0.086288       -0.086288               0               0        0.113508        0.092762       -0.115400       -0.094142       -0.078964       -0.031454       -0.078964       -0.031454        0.037909       -0.059246       -0.012130       -0.009207        0.073071        0.004461       -0.140293       -0.012554       -2.459218        0.050703       -0.006238        0.017787       -0.280811       -0.091742
g1(-1)                             0        0.073647        0.073647        0.073647               0               0       -0.049684       -0.013678       -0.552311        0.006425       -0.025719        0.003892       -0.025719        0.003892        0.567472        0.012540        0.628402       -0.048390       -0.049102       -0.012949        0.120244        0.002657        2.076432       -0.535720        0.003223       -0.039334        0.116683        0.014025
tr1(-1)                            0        0.019817        0.019817        0.019817               0               0       -0.019344       -0.022131       -0.183129        0.022967       -0.006823        0.007555       -0.006823        0.007555        0.039392        0.014450        0.048266        0.005576       -0.011514       -0.000050        0.008347        0.003062        1.123866        0.023189        0.066603       -0.001929        0.047393        0.021854
z1(-1)                             0       -0.013597       -0.013597       -0.013597        0.700000               0        0.005762        0.045717        0.700505       -0.051884        0.066628       -0.016051        0.066628       -0.016051        0.028151       -0.029105        0.040183       -0.041136       -0.007828       -0.007689        0.005965       -0.006167       -0.174137       -0.360830       -0.018617       -0.017397       -0.014662       -0.044849
k2(-1)                             0       -0.005287       -0.005287       -0.005287               0               0        0.000473        0.024395        0.001158       -0.025007       -0.000165       -0.008297       -0.000165       -0.008297        0.003701        0.002669        0.010454       -0.004084        0.003034       -0.004316        0.000784       -0.008360        0.125185       -0.015165        0.007585        0.008529       -0.001274       -0.024110
y2(-1)                             0        0.000377        0.000377        0.000377               0               0        0.000034       -0.000614       -0.000096        0.001200       -0.000030        0.004266       -0.000030        0.004266       -0.000009        0.003524       -0.000395        0.003911       -0.000103       -0.000364       -0.000002        0.000747       -0.003907        0.012742       -0.000263        0.000010       -0.000081        0.000568
v2(-1)                             0        0.072468        0.072468        0.072468               0               0       -0.029029       -0.234590        0.027783        0.242635        0.020022        0.080002        0.020022        0.080002        0.037256        0.008418       -0.007991        0.053665       -0.006947       -0.053025        0.007894        0.160704       -0.177725        3.105431       -0.021066        0.026687        0.071928        0.231708
b2(-1)                             0        0.006360        0.006360        0.006360               0               0       -0.006276        0.000432        0.007826       -0.000587        0.004510       -0.004161        0.004510       -0.004161        0.007850        0.001061        0.009942       -0.001032        0.001078       -0.002019        0.001663        0.000225        0.092326        0.079788        0.004354        0.005149        0.015433        0.009582
rb2(-1)                            0       -0.017016       -0.017016       -0.017016               0               0       -0.014797        1.049486        0.026306       -1.089524        0.011420       -0.358310        0.011420       -0.358310        0.035059       -0.228361        0.073797       -0.267099        0.021517        0.060968        0.007429       -0.048388        0.728410       -0.370070        0.040859        0.030244        0.035884       -0.046320
fp2(-1)                            0       -0.033828       -0.033828       -0.033828               0               0       -0.018311        0.104836        0.038367       -0.166011        0.014714       -0.595910        0.014714       -0.595910        0.063829       -0.343341        0.128596       -0.408108        0.042446        0.127999        0.013525       -0.072752        1.282581       -0.344862        0.071437        0.059803        0.044034       -0.099706
ig2(-1)                            0        0.065991        0.065991        0.065991               0               0        0.006002       -0.107367       -0.016791        0.209958       -0.005245        0.746506       -0.005245        0.746506       -0.001515        0.616746       -0.069176        0.684407       -0.017976       -0.063776       -0.000321        0.130685       -0.683692        2.229771       -0.045955        0.001676       -0.014164        0.099449
kg2(-1)                            0       -0.007720       -0.007720       -0.007720               0               0        0.004432        0.023308       -0.004374       -0.023328       -0.003070       -0.007871       -0.003070        0.967129       -0.002849        0.003089        0.000369       -0.000129        0.000844        0.004963       -0.000604       -0.005967        0.028123       -0.059664        0.002596        0.002779       -0.010972       -0.023074
a2(-1)                             0       -0.086970       -0.086970       -0.086970               0               0        0.036304        0.285980       -0.036516       -0.290270       -0.025216       -0.096976       -0.025216       -0.096976       -0.053651        0.023668       -0.001359       -0.028624        0.004679        0.074646       -0.011368       -0.143311        0.091240       -2.510965        0.019178       -0.006295       -0.089838       -0.282834
g2(-1)                             0        0.071487        0.071487        0.071487               0               0       -0.003465       -0.120962       -0.004962       -0.484608        0.001562       -0.019720        0.001562       -0.019720        0.007700        0.568221       -0.054033        0.629954       -0.014232       -0.051765        0.001632        0.120403       -0.582967        2.052764       -0.041363        0.001438        0.009117        0.113453
tr2(-1)                            0        0.019066        0.019066        0.019066               0               0       -0.007995       -0.047741        0.008384       -0.154827        0.005588       -0.004139        0.005588       -0.004139        0.011969        0.040104        0.002489        0.049585       -0.000564       -0.012268        0.002536        0.008498        0.005384        1.117392       -0.002535        0.065992        0.019764        0.046767
z2(-1)                             0       -0.010560       -0.010560       -0.010560               0        0.700000        0.015535        0.011570       -0.020744        0.695030       -0.011302        0.066754       -0.011302        0.066754       -0.022611        0.033242       -0.033402        0.044033       -0.005922       -0.006277       -0.004791        0.007044       -0.319617       -0.123854       -0.016178       -0.016444       -0.038114       -0.011895
q11(-1)                            0        0.157123        0.157123        0.157123               0               0       -0.336020        0.103117        0.344196       -0.128696        0.234016       -0.037370        0.234016       -0.037370       -0.072602       -0.045617        0.052421       -0.170640       -0.075045       -0.010604       -0.015384       -0.009666       -1.832207       -1.973582       -0.106550       -0.122665        0.831126       -0.100380
q21(-1)                            0        0.019917        0.019917        0.019917               0               0       -0.046555        0.027929        0.051153       -0.032320        0.032769       -0.009868        0.032769       -0.009868        0.120939       -0.120751        0.029481       -0.029293        0.004727       -0.020817        0.025626       -0.025586        0.314087       -0.411178       -0.008015        0.001392        0.114929       -0.027357
q12(-1)                            0        0.018099        0.018099        0.018099               0               0        0.062777       -0.235488       -0.093828        0.266202       -0.046672        0.082572       -0.046672        0.082572       -0.209383        0.215186       -0.199095        0.204898       -0.030557        0.012876       -0.044367        0.045597       -2.547272        2.384779       -0.121865        0.109450       -0.153382        0.231085
q22(-1)                            0        0.158288        0.158288        0.158288               0               0       -0.005731       -0.715304        0.004745        0.704260        0.003879        0.240382        0.003879        0.240382        0.041671       -0.121674       -0.006325       -0.073678       -0.002889       -0.086649        0.008830       -0.025782        0.041025       -3.791512       -0.007315       -0.227412        0.014248        0.708888
r(-1)                              0        0.490335        0.490335        0.490335               0               0        0.129667        0.336625       -0.192534       -0.400605       -0.096275       -0.120043       -0.096275       -0.120043       -0.407480       -0.422440       -0.403102       -0.426818       -0.036071       -0.037544       -0.086342       -0.089512       -5.453077       -5.484065       -0.270756       -0.269231       -0.316894       -0.328991
mp(-1)                      0.700000        0.007910        0.007910        0.007910               0               0        0.475806        1.218862       -0.636035       -1.385681       -0.346232       -0.428170       -0.346232       -0.428170       -1.039090       -1.101161       -1.027373       -1.112877       -0.155194       -0.158787       -0.220177       -0.233329      -11.477758      -11.699288       -0.525947       -0.525921       -1.167347       -1.195545
inv1(-1)                           0        0.057227        0.057227        0.057227               0               0       -0.042461        0.064624        0.163501       -0.083285        0.041572       -0.023683        0.041572       -0.023683        0.688829       -0.037223        0.776097       -0.124492        0.755517       -0.031510        0.145959       -0.007887        2.152909       -1.155895       -0.020992       -0.069298        0.097331       -0.062733
inv2(-1)                           0        0.058829        0.058829        0.058829               0               0        0.024204       -0.105933       -0.042805        0.222966       -0.018658        0.047466       -0.018658        0.047466       -0.033161        0.694641       -0.119270        0.780751       -0.030611        0.753525       -0.007027        0.147190       -1.151746        2.184773       -0.070001       -0.020241       -0.058713        0.097066
emp                         1.000000        0.011300        0.011300        0.011300               0               0        0.679723        1.741232       -0.908621       -1.979545       -0.494618       -0.611671       -0.494618       -0.611671       -1.484414       -1.573087       -1.467676       -1.589825       -0.221705       -0.226838       -0.314538       -0.333328      -16.396797      -16.713269       -0.751353       -0.751315       -1.667638       -1.707921


THEORETICAL MOMENTS
VARIABLE         MEAN  STD. DEV.   VARIANCE
mp             0.0000     0.0035     0.0000
r                 NaN        NaN        NaN
rb1               NaN        NaN        NaN
rb2               NaN        NaN        NaN
z1             0.0664     0.0000     0.0000
z2             0.0725     0.0000     0.0000
ds1               NaN        NaN        NaN
ds2               NaN        NaN        NaN
fs1               NaN        NaN        NaN
fs2               NaN        NaN        NaN
ig1               NaN        NaN        NaN
ig2               NaN        NaN        NaN
kg1               NaN        NaN        NaN
kg2               NaN        NaN        NaN
ym1               NaN        NaN        NaN
ym2               NaN        NaN        NaN
y1                NaN        NaN        NaN
y2                NaN        NaN        NaN
inv1              NaN        NaN        NaN
inv2              NaN        NaN        NaN
n1                NaN        NaN        NaN
n2                NaN        NaN        NaN
w1                NaN        NaN        NaN
w2                NaN        NaN        NaN
c1                NaN        NaN        NaN
c2                NaN        NaN        NaN
pinf1             NaN        NaN        NaN
pinf2             NaN        NaN        NaN



MATRIX OF CORRELATIONS
Variables        mp
mp           1.0000



COEFFICIENTS OF AUTOCORRELATION
Order          1       2       3       4       5
mp        0.7000  0.4900  0.3430  0.2401  0.1681
Total computing time : 0h00m00s
